*** Source files ***
1: C:\Users\Hajime\circuit_workspace\CANMD4NHK_CIRCUIT\CANMD4NHK.CE3

*** CONNECTED SIGNAL NAMES ***
Vs11 MT11
Vs12 MT12
Vs21 MT21
Vs22 MT22
PWM11_GND1 TIM3_CH4
PWM12_GND1 TIM3_CH3
PWM21_GND1 TIM3_CH1
PWM22_GND1 TIM3_CH2
TIM19_CH1 ENC12
TIM19_CH2 ENC11
TIM4_CH1 ENC22
TIM4_CH2 ENC21

*** CONFLICTING PINS ***

*** UNCONNECTED PINS ***
IC3.2 IC4.2 IC5.2 IC6.2 IC2.2
IC2.3 IC2.4 IC2.5 IC2.13 IC2.15
IC2.20 IC2.35 IC2.38 IC2.39 IC2.40
IC2.41 IC2.42 IC2.43 

*** UNCONNECTED TAGS ***

*** UNCONNECTED POWER SYMBOLS ***

*** NO NUMBER PINS ***

